<?xml version="1.0" encoding="UTF-8"?>
<!-- Generated by org.testng.reporters.JUnitReportReporter -->
<testsuite hostname="Nirmala" failures="0" tests="1" name="org.test.sample.Sample_Test" time="0.011" errors="0" timestamp="2022-07-19T10:12:20 IST" skipped="0">
  <testcase classname="org.test.sample.Sample_Test" name="first" time="0.011"/>
  <system-out>
    <![CDATA[Welcome to TestNG]]>
  </system-out>
</testsuite> <!-- org.test.sample.Sample_Test -->
