<?xml version="1.0" encoding="UTF-8"?>
<!-- Generated by org.testng.reporters.JUnitReportReporter -->
<testsuite hostname="Nirmala" failures="0" tests="1" name="org.test.sample.Sample_TestNG" time="0.001" errors="0" timestamp="2022-07-19T10:12:20 IST" skipped="0">
  <testcase classname="org.test.sample.Sample_TestNG" name="sample" time="0.001"/>
  <system-out>
    <![CDATA[hello]]>
  </system-out>
</testsuite> <!-- org.test.sample.Sample_TestNG -->
